<?xml version="1.0" encoding="UTF-8"?>
<!-- Generated by org.testng.reporters.JUnitReportReporter -->
<testsuite skipped="0" hostname="LAPTOP-DSOPRMFL" name="TestPlan" tests="1" failures="0" timestamp="2020-11-25T15:50:52 CLST" time="24.761" errors="0">
  <testcase name="submitForm" time="24.761" classname="TestPlan"/>
  <system-out/>
</testsuite> <!-- TestPlan -->
